{"C:\\Users\\cxin2\\Desktop\\devops_project_final\\project_mgmt\\public\\js\\books.js": {"path":"C:\\Users\\cxin2\\Desktop\\devops_project_final\\project_mgmt\\public\\js\\books.js","statementMap":{"0":{"start":{"line":1,"column":0},"end":{"line":116,"column":11}},"1":{"start":{"line":2,"column":4},"end":{"line":115,"column":6}},"2":{"start":{"line":4,"column":27},"end":{"line":4,"column":29}},"3":{"start":{"line":6,"column":27},"end":{"line":6,"column":39}},"4":{"start":{"line":7,"column":12},"end":{"line":7,"column":66}},"5":{"start":{"line":8,"column":12},"end":{"line":8,"column":74}},"6":{"start":{"line":9,"column":12},"end":{"line":9,"column":74}},"7":{"start":{"line":10,"column":12},"end":{"line":10,"column":70}},"8":{"start":{"line":13,"column":12},"end":{"line":17,"column":13}},"9":{"start":{"line":14,"column":16},"end":{"line":14,"column":83}},"10":{"start":{"line":15,"column":16},"end":{"line":15,"column":88}},"11":{"start":{"line":16,"column":16},"end":{"line":16,"column":23}},"12":{"start":{"line":18,"column":12},"end":{"line":22,"column":13}},"13":{"start":{"line":19,"column":16},"end":{"line":19,"column":102}},"14":{"start":{"line":20,"column":16},"end":{"line":20,"column":88}},"15":{"start":{"line":21,"column":16},"end":{"line":21,"column":23}},"16":{"start":{"line":23,"column":12},"end":{"line":27,"column":13}},"17":{"start":{"line":24,"column":16},"end":{"line":24,"column":87}},"18":{"start":{"line":25,"column":16},"end":{"line":25,"column":88}},"19":{"start":{"line":26,"column":16},"end":{"line":26,"column":23}},"20":{"start":{"line":28,"column":12},"end":{"line":32,"column":13}},"21":{"start":{"line":29,"column":16},"end":{"line":29,"column":85}},"22":{"start":{"line":30,"column":16},"end":{"line":30,"column":88}},"23":{"start":{"line":31,"column":16},"end":{"line":31,"column":23}},"24":{"start":{"line":33,"column":12},"end":{"line":37,"column":13}},"25":{"start":{"line":34,"column":16},"end":{"line":34,"column":107}},"26":{"start":{"line":35,"column":16},"end":{"line":35,"column":88}},"27":{"start":{"line":36,"column":16},"end":{"line":36,"column":23}},"28":{"start":{"line":38,"column":12},"end":{"line":42,"column":13}},"29":{"start":{"line":39,"column":16},"end":{"line":39,"column":83}},"30":{"start":{"line":40,"column":16},"end":{"line":40,"column":88}},"31":{"start":{"line":41,"column":16},"end":{"line":41,"column":23}},"32":{"start":{"line":44,"column":26},"end":{"line":44,"column":46}},"33":{"start":{"line":46,"column":12},"end":{"line":46,"column":56}},"34":{"start":{"line":47,"column":12},"end":{"line":47,"column":73}},"35":{"start":{"line":49,"column":12},"end":{"line":75,"column":14}},"36":{"start":{"line":50,"column":16},"end":{"line":74,"column":17}},"37":{"start":{"line":51,"column":20},"end":{"line":51,"column":64}},"38":{"start":{"line":52,"column":20},"end":{"line":52,"column":42}},"39":{"start":{"line":55,"column":20},"end":{"line":70,"column":21}},"40":{"start":{"line":56,"column":24},"end":{"line":56,"column":112}},"41":{"start":{"line":57,"column":24},"end":{"line":57,"column":97}},"42":{"start":{"line":60,"column":24},"end":{"line":60,"column":67}},"43":{"start":{"line":61,"column":24},"end":{"line":61,"column":71}},"44":{"start":{"line":62,"column":24},"end":{"line":62,"column":71}},"45":{"start":{"line":63,"column":24},"end":{"line":63,"column":69}},"46":{"start":{"line":66,"column":24},"end":{"line":66,"column":60}},"47":{"start":{"line":68,"column":24},"end":{"line":68,"column":121}},"48":{"start":{"line":69,"column":24},"end":{"line":69,"column":96}},"49":{"start":{"line":72,"column":20},"end":{"line":72,"column":104}},"50":{"start":{"line":73,"column":20},"end":{"line":73,"column":92}},"51":{"start":{"line":77,"column":12},"end":{"line":80,"column":14}},"52":{"start":{"line":78,"column":16},"end":{"line":78,"column":89}},"53":{"start":{"line":79,"column":16},"end":{"line":79,"column":88}},"54":{"start":{"line":82,"column":12},"end":{"line":82,"column":51}},"55":{"start":{"line":86,"column":27},"end":{"line":86,"column":29}},"56":{"start":{"line":87,"column":26},"end":{"line":87,"column":46}},"57":{"start":{"line":89,"column":12},"end":{"line":89,"column":57}},"58":{"start":{"line":90,"column":12},"end":{"line":90,"column":73}},"59":{"start":{"line":92,"column":12},"end":{"line":111,"column":14}},"60":{"start":{"line":93,"column":16},"end":{"line":93,"column":60}},"61":{"start":{"line":95,"column":27},"end":{"line":95,"column":29}},"62":{"start":{"line":96,"column":16},"end":{"line":108,"column":17}},"63":{"start":{"line":96,"column":29},"end":{"line":96,"column":30}},"64":{"start":{"line":97,"column":20},"end":{"line":107,"column":28}},"65":{"start":{"line":110,"column":16},"end":{"line":110,"column":73}},"66":{"start":{"line":113,"column":12},"end":{"line":113,"column":27}}},"fnMap":{"0":{"name":"(anonymous_0)","decl":{"start":{"line":1,"column":1},"end":{"line":1,"column":2}},"loc":{"start":{"line":1,"column":18},"end":{"line":116,"column":1}},"line":1},"1":{"name":"(anonymous_1)","decl":{"start":{"line":3,"column":21},"end":{"line":3,"column":22}},"loc":{"start":{"line":3,"column":32},"end":{"line":83,"column":9}},"line":3},"2":{"name":"(anonymous_2)","decl":{"start":{"line":49,"column":29},"end":{"line":49,"column":30}},"loc":{"start":{"line":49,"column":41},"end":{"line":75,"column":13}},"line":49},"3":{"name":"(anonymous_3)","decl":{"start":{"line":77,"column":30},"end":{"line":77,"column":31}},"loc":{"start":{"line":77,"column":41},"end":{"line":80,"column":13}},"line":77},"4":{"name":"(anonymous_4)","decl":{"start":{"line":85,"column":23},"end":{"line":85,"column":24}},"loc":{"start":{"line":85,"column":34},"end":{"line":114,"column":9}},"line":85},"5":{"name":"(anonymous_5)","decl":{"start":{"line":92,"column":29},"end":{"line":92,"column":30}},"loc":{"start":{"line":92,"column":41},"end":{"line":111,"column":13}},"line":92}},"branchMap":{"0":{"loc":{"start":{"line":13,"column":12},"end":{"line":17,"column":13}},"type":"if","locations":[{"start":{"line":13,"column":12},"end":{"line":17,"column":13}},{"start":{},"end":{}}],"line":13},"1":{"loc":{"start":{"line":18,"column":12},"end":{"line":22,"column":13}},"type":"if","locations":[{"start":{"line":18,"column":12},"end":{"line":22,"column":13}},{"start":{},"end":{}}],"line":18},"2":{"loc":{"start":{"line":18,"column":16},"end":{"line":18,"column":67}},"type":"binary-expr","locations":[{"start":{"line":18,"column":16},"end":{"line":18,"column":39}},{"start":{"line":18,"column":43},"end":{"line":18,"column":67}}],"line":18},"3":{"loc":{"start":{"line":23,"column":12},"end":{"line":27,"column":13}},"type":"if","locations":[{"start":{"line":23,"column":12},"end":{"line":27,"column":13}},{"start":{},"end":{}}],"line":23},"4":{"loc":{"start":{"line":28,"column":12},"end":{"line":32,"column":13}},"type":"if","locations":[{"start":{"line":28,"column":12},"end":{"line":32,"column":13}},{"start":{},"end":{}}],"line":28},"5":{"loc":{"start":{"line":33,"column":12},"end":{"line":37,"column":13}},"type":"if","locations":[{"start":{"line":33,"column":12},"end":{"line":37,"column":13}},{"start":{},"end":{}}],"line":33},"6":{"loc":{"start":{"line":38,"column":12},"end":{"line":42,"column":13}},"type":"if","locations":[{"start":{"line":38,"column":12},"end":{"line":42,"column":13}},{"start":{},"end":{}}],"line":38},"7":{"loc":{"start":{"line":55,"column":20},"end":{"line":70,"column":21}},"type":"if","locations":[{"start":{"line":55,"column":20},"end":{"line":70,"column":21}},{"start":{"line":67,"column":27},"end":{"line":70,"column":21}}],"line":55},"8":{"loc":{"start":{"line":55,"column":24},"end":{"line":55,"column":72}},"type":"binary-expr","locations":[{"start":{"line":55,"column":24},"end":{"line":55,"column":46}},{"start":{"line":55,"column":50},"end":{"line":55,"column":72}}],"line":55},"9":{"loc":{"start":{"line":68,"column":84},"end":{"line":68,"column":119}},"type":"binary-expr","locations":[{"start":{"line":68,"column":84},"end":{"line":68,"column":100}},{"start":{"line":68,"column":104},"end":{"line":68,"column":119}}],"line":68}},"s":{"0":5,"1":5,"2":9,"3":9,"4":9,"5":9,"6":9,"7":9,"8":9,"9":2,"10":2,"11":2,"12":7,"13":1,"14":1,"15":1,"16":6,"17":1,"18":1,"19":1,"20":5,"21":1,"22":1,"23":1,"24":4,"25":2,"26":2,"27":2,"28":2,"29":1,"30":1,"31":1,"32":1,"33":1,"34":1,"35":1,"36":1,"37":1,"38":1,"39":1,"40":1,"41":1,"42":1,"43":1,"44":1,"45":1,"46":1,"47":0,"48":0,"49":0,"50":0,"51":1,"52":0,"53":0,"54":1,"55":4,"56":4,"57":4,"58":4,"59":4,"60":4,"61":4,"62":4,"63":4,"64":406,"65":4,"66":4},"f":{"0":5,"1":9,"2":1,"3":0,"4":4,"5":4},"b":{"0":[2,7],"1":[1,6],"2":[7,6],"3":[1,5],"4":[1,4],"5":[2,2],"6":[1,1],"7":[1,0],"8":[1,0],"9":[0,0]},"_coverageSchema":"1a1c01bbd47fc00a2c39e90264f33305004495a9","hash":"ff242d9cc430a974bcc900333b634061add1bc29"}
}
