{"total": {"lines":{"total":66,"covered":60,"skipped":0,"pct":90.9},"statements":{"total":67,"covered":61,"skipped":0,"pct":91.04},"functions":{"total":6,"covered":5,"skipped":0,"pct":83.33},"branches":{"total":20,"covered":16,"skipped":0,"pct":80},"branchesTrue":{"total":0,"covered":0,"skipped":0,"pct":"Unknown"}}
,"C:\\Users\\cxin2\\Desktop\\devops_project_final\\project_mgmt\\public\\js\\books.js": {"lines":{"total":66,"covered":60,"skipped":0,"pct":90.9},"functions":{"total":6,"covered":5,"skipped":0,"pct":83.33},"statements":{"total":67,"covered":61,"skipped":0,"pct":91.04},"branches":{"total":20,"covered":16,"skipped":0,"pct":80}}
}
