TN:
SF:public\js\books.js
FN:1,(anonymous_0)
FN:3,(anonymous_1)
FN:49,(anonymous_2)
FN:77,(anonymous_3)
FN:85,(anonymous_4)
FN:92,(anonymous_5)
FNF:6
FNH:5
FNDA:5,(anonymous_0)
FNDA:9,(anonymous_1)
FNDA:1,(anonymous_2)
FNDA:0,(anonymous_3)
FNDA:4,(anonymous_4)
FNDA:4,(anonymous_5)
DA:1,5
DA:2,5
DA:4,9
DA:6,9
DA:7,9
DA:8,9
DA:9,9
DA:10,9
DA:13,9
DA:14,2
DA:15,2
DA:16,2
DA:18,7
DA:19,1
DA:20,1
DA:21,1
DA:23,6
DA:24,1
DA:25,1
DA:26,1
DA:28,5
DA:29,1
DA:30,1
DA:31,1
DA:33,4
DA:34,2
DA:35,2
DA:36,2
DA:38,2
DA:39,1
DA:40,1
DA:41,1
DA:44,1
DA:46,1
DA:47,1
DA:49,1
DA:50,1
DA:51,1
DA:52,1
DA:55,1
DA:56,1
DA:57,1
DA:60,1
DA:61,1
DA:62,1
DA:63,1
DA:66,1
DA:68,0
DA:69,0
DA:72,0
DA:73,0
DA:77,1
DA:78,0
DA:79,0
DA:82,1
DA:86,4
DA:87,4
DA:89,4
DA:90,4
DA:92,4
DA:93,4
DA:95,4
DA:96,4
DA:97,406
DA:110,4
DA:113,4
LF:66
LH:60
BRDA:13,0,0,2
BRDA:13,0,1,7
BRDA:18,1,0,1
BRDA:18,1,1,6
BRDA:18,2,0,7
BRDA:18,2,1,6
BRDA:23,3,0,1
BRDA:23,3,1,5
BRDA:28,4,0,1
BRDA:28,4,1,4
BRDA:33,5,0,2
BRDA:33,5,1,2
BRDA:38,6,0,1
BRDA:38,6,1,1
BRDA:55,7,0,1
BRDA:55,7,1,0
BRDA:55,8,0,1
BRDA:55,8,1,0
BRDA:68,9,0,0
BRDA:68,9,1,0
BRF:20
BRH:16
end_of_record
